<!DOCTYPE html PUBLIC "-//W3C//DTD XHTML 1.1//EN" "http://www.w3.org/TR/xhtml11/DTD/xhtml11.dtd">
<html xmlns="http://www.w3.org/1999/xhtml">
<head>
<title>TestNG:  Unit Test</title>
<style type="text/css">
table caption,table.info_table,table.result,table.passed,table.failed {margin-bottom:10px;border:1px solid #000099;border-collapse:collapse;empty-cells:show;}
table.info_table td,table.info_table th,table.result td,table.result th,table.passed td,table.passed th,table.failed td,table.failed th {
border:1px solid #000099;padding:.25em .5em .25em .5em
}
table.result th {vertical-align:bottom}
tr.param th {padding-left:1em;padding-right:1em}
tr.param td {padding-left:.5em;padding-right:2em}
td.numi,th.numi,td.numi_attn {
text-align:right
}
tr.total td {font-weight:bold}
table caption {
text-align:center;font-weight:bold;
}
table.passed tr.stripe td,table tr.passedodd td {background-color: #00AA00;}
table.passed td,table tr.passedeven td {background-color: #33FF33;}
table.passed tr.stripe td,table tr.skippedodd td {background-color: #cccccc;}
table.passed td,table tr.skippedodd td {background-color: #dddddd;}
table.failed tr.stripe td,table tr.failedodd td,table.result td.numi_attn {background-color: #FF3333;}
table.failed td,table tr.failedeven td,table.result tr.stripe td.numi_attn {background-color: #DD0000;}
tr.stripe td,tr.stripe th {background-color: #E6EBF9;}
p.totop {font-size:85%;text-align:center;border-bottom:2px black solid}
div.shootout {padding:2em;border:3px #4854A8 solid}
</style>
</head>
<body>
<table cellspacing="0" cellpadding="0" class="result">
<tr><th>Test</th><th class="numi">Methods<br/>Passed</th><th class="numi">Scenarios<br/>Passed</th><th class="numi"># skipped</th><th class="numi"># failed</th><th class="numi">Total<br/>Time</th><th class="numi">Included<br/>Groups</th><th class="numi">Excluded<br/>Groups</th></tr>
<tr><td style="text-align:left;padding-right:2em">Chrome-Components</td><td class="numi">13</td><td class="numi">13</td><td class="numi">0</td><td class="numi">0</td><td class="numi">59.5 seconds</td><td class="numi"></td><td class="numi"></td></tr>
<tr class="stripe"><td style="text-align:left;padding-right:2em">Chrome-CSS</td><td class="numi">9</td><td class="numi">9</td><td class="numi">0</td><td class="numi">0</td><td class="numi">29.7 seconds</td><td class="numi"></td><td class="numi"></td></tr>
<tr><td style="text-align:left;padding-right:2em">Chrome-JavaScript</td><td class="numi">3</td><td class="numi">3</td><td class="numi">0</td><td class="numi_attn">1</td><td class="numi">10.7 seconds</td><td class="numi"></td><td class="numi"></td></tr>
<tr class="stripe"><td style="text-align:left;padding-right:2em">Firefox-Components</td><td class="numi">13</td><td class="numi">13</td><td class="numi">0</td><td class="numi">0</td><td class="numi">62.4 seconds</td><td class="numi"></td><td class="numi"></td></tr>
<tr><td style="text-align:left;padding-right:2em">Firefox-CSS</td><td class="numi">9</td><td class="numi">9</td><td class="numi">0</td><td class="numi">0</td><td class="numi">29.4 seconds</td><td class="numi"></td><td class="numi"></td></tr>
<tr class="stripe"><td style="text-align:left;padding-right:2em">Firefox-JavaScript</td><td class="numi">3</td><td class="numi">3</td><td class="numi">0</td><td class="numi_attn">1</td><td class="numi">11.6 seconds</td><td class="numi"></td><td class="numi"></td></tr>
<tr><td style="text-align:left;padding-right:2em">IE-Components</td><td class="numi">13</td><td class="numi">13</td><td class="numi">0</td><td class="numi">0</td><td class="numi">180.8 seconds</td><td class="numi"></td><td class="numi"></td></tr>
<tr class="stripe"><td style="text-align:left;padding-right:2em">IE-CSS</td><td class="numi">9</td><td class="numi">9</td><td class="numi">0</td><td class="numi">0</td><td class="numi">119.4 seconds</td><td class="numi"></td><td class="numi"></td></tr>
<tr><td style="text-align:left;padding-right:2em">IE-JavaScript</td><td class="numi">3</td><td class="numi">3</td><td class="numi">0</td><td class="numi_attn">1</td><td class="numi">82.5 seconds</td><td class="numi"></td><td class="numi"></td></tr>
<tr class="stripe"><td style="text-align:left;padding-right:2em">Edge-Components</td><td class="numi">13</td><td class="numi">13</td><td class="numi">0</td><td class="numi">0</td><td class="numi">52.6 seconds</td><td class="numi"></td><td class="numi"></td></tr>
<tr><td style="text-align:left;padding-right:2em">Edge-CSS</td><td class="numi">9</td><td class="numi">9</td><td class="numi">0</td><td class="numi">0</td><td class="numi">32.0 seconds</td><td class="numi"></td><td class="numi"></td></tr>
<tr class="stripe"><td style="text-align:left;padding-right:2em">Edge-JavaScript</td><td class="numi">3</td><td class="numi">3</td><td class="numi">0</td><td class="numi_attn">1</td><td class="numi">12.0 seconds</td><td class="numi"></td><td class="numi"></td></tr>
<tr class="total"><td>Total</td>
<td class="numi">100</td><td class="numi">100</td><td class="numi">0</td><td class="numi_attn">4</td><td class="numi">812.5 seconds</td><td colspan="2">&nbsp;</td></tr>
</table>
<table cellspacing="0" cellpadding="0" class="passed" id="summary">
<tr><th>Class</th><th>Method</th><th># of<br/>Scenarios</th><th>Start</th><th>Time<br/>(ms)</th></tr>
<tr><th colspan="4">Chrome-Components &#8212; passed</th></tr>
<tr class="passedodd"><td rowspan="1">WebDriverTests.WebDriverTests.ElementsTesting.CloseDriver</td><td><a href="#m1"><b>closeDriver</b>  </a></td><td class="numi">1</td><td>1475768641612</td><td class="numi">771</td></tr>
<tr class="passedeven"><td rowspan="1">WebDriverTests.WebDriverTests.ElementsTesting.OpenPage</td><td><a href="#m2"><b>openPage</b>  </a></td><td class="numi">1</td><td>1475768585216</td><td class="numi">7475</td></tr>
<tr class="passedodd"><td rowspan="1">WebDriverTests.WebDriverTests.Components.InputControls</td><td><a href="#m3"><b>testCheckbox</b>  </a></td><td class="numi">1</td><td>1475768632662</td><td class="numi">3600</td></tr>
<tr class="passedeven"><td rowspan="1">WebDriverTests.WebDriverTests.Components.Buttons</td><td><a href="#m4"><b>testCheckboxButtons</b>  </a></td><td class="numi">1</td><td>1475768592744</td><td class="numi">1732</td></tr>
<tr class="passedodd"><td rowspan="1">WebDriverTests.WebDriverTests.Components.InputControls</td><td><a href="#m5"><b>testCheckboxSimplified</b>  </a></td><td class="numi">1</td><td>1475768636262</td><td class="numi">3145</td></tr>
<tr class="passedeven"><td rowspan="4">WebDriverTests.WebDriverTests.Components.Buttons</td><td><a href="#m6"><b>testDropdown</b>  </a></td><td class="numi">1</td><td>1475768594477</td><td class="numi">2945</td></tr><tr class="passedeven"><td><a href="#m7"><b>testFloatingActionButton</b>  </a></td><td class="numi">1</td><td>1475768597423</td><td class="numi">26652</td></tr><tr class="passedeven"><td><a href="#m8"><b>testGroupedButtons</b>  </a></td><td class="numi">1</td><td>1475768624076</td><td class="numi">2295</td></tr><tr class="passedeven"><td><a href="#m9"><b>testPagination</b>  </a></td><td class="numi">1</td><td>1475768626372</td><td class="numi">2353</td></tr>
<tr class="passedodd"><td rowspan="1">WebDriverTests.WebDriverTests.Components.InputControls</td><td><a href="#m10"><b>testRadioButton</b>  </a></td><td class="numi">1</td><td>1475768639407</td><td class="numi">2177</td></tr>
<tr class="passedeven"><td rowspan="3">WebDriverTests.WebDriverTests.Components.Buttons</td><td><a href="#m11"><b>testRadioButtons</b>  </a></td><td class="numi">1</td><td>1475768628726</td><td class="numi">1405</td></tr><tr class="passedeven"><td><a href="#m12"><b>testSingleToggleButton</b>  </a></td><td class="numi">1</td><td>1475768630132</td><td class="numi">804</td></tr><tr class="passedeven"><td><a href="#m13"><b>testToggleButtons</b>  </a></td><td class="numi">1</td><td>1475768630937</td><td class="numi">1698</td></tr>
<tr><th colspan="4">Chrome-CSS &#8212; passed</th></tr>
<tr class="passedodd"><td rowspan="1">WebDriverTests.WebDriverTests.ElementsTesting.CloseDriver</td><td><a href="#m14"><b>closeDriver</b>  </a></td><td class="numi">1</td><td>1475768676578</td><td class="numi">787</td></tr>
<tr class="passedeven"><td rowspan="1">WebDriverTests.WebDriverTests.ElementsTesting.OpenPage</td><td><a href="#m15"><b>openPage</b>  </a></td><td class="numi">1</td><td>1475768649104</td><td class="numi">3925</td></tr>
<tr class="passedodd"><td rowspan="7">WebDriverTests.WebDriverTests.CSS.Buttons</td><td><a href="#m16"><b>testButtonDropdowns</b>  </a></td><td class="numi">1</td><td>1475768653082</td><td class="numi">5243</td></tr><tr class="passedodd"><td><a href="#m17"><b>testCircularIconButtons</b>  </a></td><td class="numi">1</td><td>1475768658326</td><td class="numi">2347</td></tr><tr class="passedodd"><td><a href="#m18"><b>testColoredButtons</b>  </a></td><td class="numi">1</td><td>1475768660674</td><td class="numi">2413</td></tr><tr class="passedodd"><td><a href="#m19"><b>testHyperlinks</b>  </a></td><td class="numi">1</td><td>1475768663087</td><td class="numi">1125</td></tr><tr class="passedodd"><td><a href="#m20"><b>testLinkStyles</b>  </a></td><td class="numi">1</td><td>1475768664212</td><td class="numi">1481</td></tr><tr class="passedodd"><td><a href="#m21"><b>testSizeVariations</b>  </a></td><td class="numi">1</td><td>1475768665693</td><td class="numi">5437</td></tr><tr class="passedodd"><td><a href="#m22"><b>testSplitButtonDropdowns</b>  </a></td><td class="numi">1</td><td>1475768671131</td><td class="numi">5423</td></tr>
<tr><th colspan="4">Chrome-JavaScript &#8212; failed</th></tr>
<tr class="failedodd"><td rowspan="1">WebDriverTests.WebDriverTests.JavaScript.BarCharts</td><td><a href="#m23"><b>testBarChart</b>  </a></td><td class="numi">1</td><td>1475768688270</td><td class="numi">2031</td></tr>
<tr><th colspan="4">Chrome-JavaScript &#8212; passed</th></tr>
<tr class="passedodd"><td rowspan="1">WebDriverTests.WebDriverTests.ElementsTesting.CloseDriver</td><td><a href="#m24"><b>closeDriver</b>  </a></td><td class="numi">1</td><td>1475768692412</td><td class="numi">842</td></tr>
<tr class="passedeven"><td rowspan="1">WebDriverTests.WebDriverTests.ElementsTesting.OpenPage</td><td><a href="#m25"><b>openPage</b>  </a></td><td class="numi">1</td><td>1475768684058</td><td class="numi">4018</td></tr>
<tr class="passedodd"><td rowspan="1">WebDriverTests.WebDriverTests.JavaScript.Spark</td><td><a href="#m26"><b>testSparkLine</b>  </a></td><td class="numi">1</td><td>1475768690337</td><td class="numi">1932</td></tr>
<tr><th colspan="4">Firefox-Components &#8212; passed</th></tr>
<tr class="passedodd"><td rowspan="1">WebDriverTests.WebDriverTests.ElementsTesting.CloseDriver</td><td><a href="#m27"><b>closeDriver</b>  </a></td><td class="numi">1</td><td>1475768760020</td><td class="numi">786</td></tr>
<tr class="passedeven"><td rowspan="1">WebDriverTests.WebDriverTests.ElementsTesting.OpenPage</td><td><a href="#m28"><b>openPage</b>  </a></td><td class="numi">1</td><td>1475768702458</td><td class="numi">9171</td></tr>
<tr class="passedodd"><td rowspan="1">WebDriverTests.WebDriverTests.Components.InputControls</td><td><a href="#m29"><b>testCheckbox</b>  </a></td><td class="numi">1</td><td>1475768751743</td><td class="numi">3063</td></tr>
<tr class="passedeven"><td rowspan="1">WebDriverTests.WebDriverTests.Components.Buttons</td><td><a href="#m30"><b>testCheckboxButtons</b>  </a></td><td class="numi">1</td><td>1475768711662</td><td class="numi">2180</td></tr>
<tr class="passedodd"><td rowspan="1">WebDriverTests.WebDriverTests.Components.InputControls</td><td><a href="#m31"><b>testCheckboxSimplified</b>  </a></td><td class="numi">1</td><td>1475768754807</td><td class="numi">2953</td></tr>
<tr class="passedeven"><td rowspan="4">WebDriverTests.WebDriverTests.Components.Buttons</td><td><a href="#m32"><b>testDropdown</b>  </a></td><td class="numi">1</td><td>1475768713843</td><td class="numi">2783</td></tr><tr class="passedeven"><td><a href="#m33"><b>testFloatingActionButton</b>  </a></td><td class="numi">1</td><td>1475768716627</td><td class="numi">26195</td></tr><tr class="passedeven"><td><a href="#m34"><b>testGroupedButtons</b>  </a></td><td class="numi">1</td><td>1475768742823</td><td class="numi">2293</td></tr><tr class="passedeven"><td><a href="#m35"><b>testPagination</b>  </a></td><td class="numi">1</td><td>1475768745116</td><td class="numi">2350</td></tr>
<tr class="passedodd"><td rowspan="1">WebDriverTests.WebDriverTests.Components.InputControls</td><td><a href="#m36"><b>testRadioButton</b>  </a></td><td class="numi">1</td><td>1475768757761</td><td class="numi">2174</td></tr>
<tr class="passedeven"><td rowspan="3">WebDriverTests.WebDriverTests.Components.Buttons</td><td><a href="#m37"><b>testRadioButtons</b>  </a></td><td class="numi">1</td><td>1475768747466</td><td class="numi">1874</td></tr><tr class="passedeven"><td><a href="#m38"><b>testSingleToggleButton</b>  </a></td><td class="numi">1</td><td>1475768749341</td><td class="numi">946</td></tr><tr class="passedeven"><td><a href="#m39"><b>testToggleButtons</b>  </a></td><td class="numi">1</td><td>1475768750288</td><td class="numi">1412</td></tr>
<tr><th colspan="4">Firefox-CSS &#8212; passed</th></tr>
<tr class="passedodd"><td rowspan="1">WebDriverTests.WebDriverTests.ElementsTesting.CloseDriver</td><td><a href="#m40"><b>closeDriver</b>  </a></td><td class="numi">1</td><td>1475768794879</td><td class="numi">558</td></tr>
<tr class="passedeven"><td rowspan="1">WebDriverTests.WebDriverTests.ElementsTesting.OpenPage</td><td><a href="#m41"><b>openPage</b>  </a></td><td class="numi">1</td><td>1475768770745</td><td class="numi">3434</td></tr>
<tr class="passedodd"><td rowspan="7">WebDriverTests.WebDriverTests.CSS.Buttons</td><td><a href="#m42"><b>testButtonDropdowns</b>  </a></td><td class="numi">1</td><td>1475768774245</td><td class="numi">4966</td></tr><tr class="passedodd"><td><a href="#m43"><b>testCircularIconButtons</b>  </a></td><td class="numi">1</td><td>1475768779211</td><td class="numi">1908</td></tr><tr class="passedodd"><td><a href="#m44"><b>testColoredButtons</b>  </a></td><td class="numi">1</td><td>1475768781120</td><td class="numi">2127</td></tr><tr class="passedodd"><td><a href="#m45"><b>testHyperlinks</b>  </a></td><td class="numi">1</td><td>1475768783247</td><td class="numi">994</td></tr><tr class="passedodd"><td><a href="#m46"><b>testLinkStyles</b>  </a></td><td class="numi">1</td><td>1475768784242</td><td class="numi">1489</td></tr><tr class="passedodd"><td><a href="#m47"><b>testSizeVariations</b>  </a></td><td class="numi">1</td><td>1475768785732</td><td class="numi">4129</td></tr><tr class="passedodd"><td><a href="#m48"><b>testSplitButtonDropdowns</b>  </a></td><td class="numi">1</td><td>1475768789862</td><td class="numi">4946</td></tr>
<tr><th colspan="4">Firefox-JavaScript &#8212; failed</th></tr>
<tr class="failedodd"><td rowspan="1">WebDriverTests.WebDriverTests.JavaScript.BarCharts</td><td><a href="#m49"><b>testBarChart</b>  </a></td><td class="numi">1</td><td>1475768808625</td><td class="numi">1263</td></tr>
<tr><th colspan="4">Firefox-JavaScript &#8212; passed</th></tr>
<tr class="passedodd"><td rowspan="1">WebDriverTests.WebDriverTests.ElementsTesting.CloseDriver</td><td><a href="#m50"><b>closeDriver</b>  </a></td><td class="numi">1</td><td>1475768811564</td><td class="numi">671</td></tr>
<tr class="passedeven"><td rowspan="1">WebDriverTests.WebDriverTests.ElementsTesting.OpenPage</td><td><a href="#m51"><b>openPage</b>  </a></td><td class="numi">1</td><td>1475768804693</td><td class="numi">3896</td></tr>
<tr class="passedodd"><td rowspan="1">WebDriverTests.WebDriverTests.JavaScript.Spark</td><td><a href="#m52"><b>testSparkLine</b>  </a></td><td class="numi">1</td><td>1475768809942</td><td class="numi">1582</td></tr>
<tr><th colspan="4">IE-Components &#8212; passed</th></tr>
<tr class="passedodd"><td rowspan="1">WebDriverTests.WebDriverTests.ElementsTesting.CloseDriver</td><td><a href="#m53"><b>closeDriver</b>  </a></td><td class="numi">1</td><td>1475768997412</td><td class="numi">813</td></tr>
<tr class="passedeven"><td rowspan="1">WebDriverTests.WebDriverTests.ElementsTesting.OpenPage</td><td><a href="#m54"><b>openPage</b>  </a></td><td class="numi">1</td><td>1475768820003</td><td class="numi">16615</td></tr>
<tr class="passedodd"><td rowspan="1">WebDriverTests.WebDriverTests.Components.InputControls</td><td><a href="#m55"><b>testCheckbox</b>  </a></td><td class="numi">1</td><td>1475768946888</td><td class="numi">19604</td></tr>
<tr class="passedeven"><td rowspan="1">WebDriverTests.WebDriverTests.Components.Buttons</td><td><a href="#m56"><b>testCheckboxButtons</b>  </a></td><td class="numi">1</td><td>1475768836682</td><td class="numi">9115</td></tr>
<tr class="passedodd"><td rowspan="1">WebDriverTests.WebDriverTests.Components.InputControls</td><td><a href="#m57"><b>testCheckboxSimplified</b>  </a></td><td class="numi">1</td><td>1475768966492</td><td class="numi">16183</td></tr>
<tr class="passedeven"><td rowspan="4">WebDriverTests.WebDriverTests.Components.Buttons</td><td><a href="#m58"><b>testDropdown</b>  </a></td><td class="numi">1</td><td>1475768845798</td><td class="numi">20854</td></tr><tr class="passedeven"><td><a href="#m59"><b>testFloatingActionButton</b>  </a></td><td class="numi">1</td><td>1475768866653</td><td class="numi">18522</td></tr><tr class="passedeven"><td><a href="#m60"><b>testGroupedButtons</b>  </a></td><td class="numi">1</td><td>1475768885176</td><td class="numi">18081</td></tr><tr class="passedeven"><td><a href="#m61"><b>testPagination</b>  </a></td><td class="numi">1</td><td>1475768903258</td><td class="numi">22739</td></tr>
<tr class="passedodd"><td rowspan="1">WebDriverTests.WebDriverTests.Components.InputControls</td><td><a href="#m62"><b>testRadioButton</b>  </a></td><td class="numi">1</td><td>1475768982676</td><td class="numi">14691</td></tr>
<tr class="passedeven"><td rowspan="3">WebDriverTests.WebDriverTests.Components.Buttons</td><td><a href="#m63"><b>testRadioButtons</b>  </a></td><td class="numi">1</td><td>1475768925998</td><td class="numi">9252</td></tr><tr class="passedeven"><td><a href="#m64"><b>testSingleToggleButton</b>  </a></td><td class="numi">1</td><td>1475768935251</td><td class="numi">3398</td></tr><tr class="passedeven"><td><a href="#m65"><b>testToggleButtons</b>  </a></td><td class="numi">1</td><td>1475768938650</td><td class="numi">8208</td></tr>
<tr><th colspan="4">IE-CSS &#8212; passed</th></tr>
<tr class="passedodd"><td rowspan="1">WebDriverTests.WebDriverTests.ElementsTesting.CloseDriver</td><td><a href="#m66"><b>closeDriver</b>  </a></td><td class="numi">1</td><td>1475769122161</td><td class="numi">672</td></tr>
<tr class="passedeven"><td rowspan="1">WebDriverTests.WebDriverTests.ElementsTesting.OpenPage</td><td><a href="#m67"><b>openPage</b>  </a></td><td class="numi">1</td><td>1475769006445</td><td class="numi">4653</td></tr>
<tr class="passedodd"><td rowspan="7">WebDriverTests.WebDriverTests.CSS.Buttons</td><td><a href="#m68"><b>testButtonDropdowns</b>  </a></td><td class="numi">1</td><td>1475769011192</td><td class="numi">36959</td></tr><tr class="passedodd"><td><a href="#m69"><b>testCircularIconButtons</b>  </a></td><td class="numi">1</td><td>1475769048151</td><td class="numi">6099</td></tr><tr class="passedodd"><td><a href="#m70"><b>testColoredButtons</b>  </a></td><td class="numi">1</td><td>1475769054251</td><td class="numi">5085</td></tr><tr class="passedodd"><td><a href="#m71"><b>testHyperlinks</b>  </a></td><td class="numi">1</td><td>1475769059337</td><td class="numi">3026</td></tr><tr class="passedodd"><td><a href="#m72"><b>testLinkStyles</b>  </a></td><td class="numi">1</td><td>1475769062364</td><td class="numi">4055</td></tr><tr class="passedodd"><td><a href="#m73"><b>testSizeVariations</b>  </a></td><td class="numi">1</td><td>1475769066420</td><td class="numi">13509</td></tr><tr class="passedodd"><td><a href="#m74"><b>testSplitButtonDropdowns</b>  </a></td><td class="numi">1</td><td>1475769079930</td><td class="numi">42200</td></tr>
<tr><th colspan="4">IE-JavaScript &#8212; failed</th></tr>
<tr class="failedodd"><td rowspan="1">WebDriverTests.WebDriverTests.JavaScript.BarCharts</td><td><a href="#m75"><b>testBarChart</b>  </a></td><td class="numi">1</td><td>1475769136309</td><td class="numi">6653</td></tr>
<tr><th colspan="4">IE-JavaScript &#8212; passed</th></tr>
<tr class="passedodd"><td rowspan="1">WebDriverTests.WebDriverTests.ElementsTesting.CloseDriver</td><td><a href="#m76"><b>closeDriver</b>  </a></td><td class="numi">1</td><td>1475769209747</td><td class="numi">766</td></tr>
<tr class="passedeven"><td rowspan="1">WebDriverTests.WebDriverTests.ElementsTesting.OpenPage</td><td><a href="#m77"><b>openPage</b>  </a></td><td class="numi">1</td><td>1475769130835</td><td class="numi">5427</td></tr>
<tr class="passedodd"><td rowspan="1">WebDriverTests.WebDriverTests.JavaScript.Spark</td><td><a href="#m78"><b>testSparkLine</b>  </a></td><td class="numi">1</td><td>1475769204905</td><td class="numi">4811</td></tr>
<tr><th colspan="4">Edge-Components &#8212; passed</th></tr>
<tr class="passedodd"><td rowspan="1">WebDriverTests.WebDriverTests.ElementsTesting.CloseDriver</td><td><a href="#m79"><b>closeDriver</b>  </a></td><td class="numi">1</td><td>1475769339482</td><td class="numi">1517</td></tr>
<tr class="passedeven"><td rowspan="1">WebDriverTests.WebDriverTests.ElementsTesting.OpenPage</td><td><a href="#m80"><b>openPage</b>  </a></td><td class="numi">1</td><td>1475769293522</td><td class="numi">685</td></tr>
<tr class="passedodd"><td rowspan="1">WebDriverTests.WebDriverTests.Components.InputControls</td><td><a href="#m81"><b>testCheckbox</b>  </a></td><td class="numi">1</td><td>1475769329499</td><td class="numi">3704</td></tr>
<tr class="passedeven"><td rowspan="1">WebDriverTests.WebDriverTests.Components.Buttons</td><td><a href="#m82"><b>testCheckboxButtons</b>  </a></td><td class="numi">1</td><td>1475769296450</td><td class="numi">12903</td></tr>
<tr class="passedodd"><td rowspan="1">WebDriverTests.WebDriverTests.Components.InputControls</td><td><a href="#m83"><b>testCheckboxSimplified</b>  </a></td><td class="numi">1</td><td>1475769333204</td><td class="numi">3665</td></tr>
<tr class="passedeven"><td rowspan="4">WebDriverTests.WebDriverTests.Components.Buttons</td><td><a href="#m84"><b>testDropdown</b>  </a></td><td class="numi">1</td><td>1475769309354</td><td class="numi">3394</td></tr><tr class="passedeven"><td><a href="#m85"><b>testFloatingActionButton</b>  </a></td><td class="numi">1</td><td>1475769312748</td><td class="numi">5557</td></tr><tr class="passedeven"><td><a href="#m86"><b>testGroupedButtons</b>  </a></td><td class="numi">1</td><td>1475769318306</td><td class="numi">2914</td></tr><tr class="passedeven"><td><a href="#m87"><b>testPagination</b>  </a></td><td class="numi">1</td><td>1475769321221</td><td class="numi">2922</td></tr>
<tr class="passedodd"><td rowspan="1">WebDriverTests.WebDriverTests.Components.InputControls</td><td><a href="#m88"><b>testRadioButton</b>  </a></td><td class="numi">1</td><td>1475769336870</td><td class="numi">2583</td></tr>
<tr class="passedeven"><td rowspan="3">WebDriverTests.WebDriverTests.Components.Buttons</td><td><a href="#m89"><b>testRadioButtons</b>  </a></td><td class="numi">1</td><td>1475769324144</td><td class="numi">2187</td></tr><tr class="passedeven"><td><a href="#m90"><b>testSingleToggleButton</b>  </a></td><td class="numi">1</td><td>1475769326332</td><td class="numi">1121</td></tr><tr class="passedeven"><td><a href="#m91"><b>testToggleButtons</b>  </a></td><td class="numi">1</td><td>1475769327454</td><td class="numi">2017</td></tr>
<tr><th colspan="4">Edge-CSS &#8212; passed</th></tr>
<tr class="passedodd"><td rowspan="1">WebDriverTests.WebDriverTests.ElementsTesting.CloseDriver</td><td><a href="#m92"><b>closeDriver</b>  </a></td><td class="numi">1</td><td>1475769377202</td><td class="numi">922</td></tr>
<tr class="passedeven"><td rowspan="1">WebDriverTests.WebDriverTests.ElementsTesting.OpenPage</td><td><a href="#m93"><b>openPage</b>  </a></td><td class="numi">1</td><td>1475769348378</td><td class="numi">670</td></tr>
<tr class="passedodd"><td rowspan="7">WebDriverTests.WebDriverTests.CSS.Buttons</td><td><a href="#m94"><b>testButtonDropdowns</b>  </a></td><td class="numi">1</td><td>1475769349311</td><td class="numi">8047</td></tr><tr class="passedodd"><td><a href="#m95"><b>testCircularIconButtons</b>  </a></td><td class="numi">1</td><td>1475769357359</td><td class="numi">3021</td></tr><tr class="passedodd"><td><a href="#m96"><b>testColoredButtons</b>  </a></td><td class="numi">1</td><td>1475769360380</td><td class="numi">2871</td></tr><tr class="passedodd"><td><a href="#m97"><b>testHyperlinks</b>  </a></td><td class="numi">1</td><td>1475769363252</td><td class="numi">1046</td></tr><tr class="passedodd"><td><a href="#m98"><b>testLinkStyles</b>  </a></td><td class="numi">1</td><td>1475769364299</td><td class="numi">1765</td></tr><tr class="passedodd"><td><a href="#m99"><b>testSizeVariations</b>  </a></td><td class="numi">1</td><td>1475769366065</td><td class="numi">6107</td></tr><tr class="passedodd"><td><a href="#m100"><b>testSplitButtonDropdowns</b>  </a></td><td class="numi">1</td><td>1475769372173</td><td class="numi">4985</td></tr>
<tr><th colspan="4">Edge-JavaScript &#8212; failed</th></tr>
<tr class="failedodd"><td rowspan="1">WebDriverTests.WebDriverTests.JavaScript.BarCharts</td><td><a href="#m101"><b>testBarChart</b>  </a></td><td class="numi">1</td><td>1475769386087</td><td class="numi">6117</td></tr>
<tr><th colspan="4">Edge-JavaScript &#8212; passed</th></tr>
<tr class="passedodd"><td rowspan="1">WebDriverTests.WebDriverTests.ElementsTesting.CloseDriver</td><td><a href="#m102"><b>closeDriver</b>  </a></td><td class="numi">1</td><td>1475769394346</td><td class="numi">986</td></tr>
<tr class="passedeven"><td rowspan="1">WebDriverTests.WebDriverTests.ElementsTesting.OpenPage</td><td><a href="#m103"><b>openPage</b>  </a></td><td class="numi">1</td><td>1475769385401</td><td class="numi">585</td></tr>
<tr class="passedodd"><td rowspan="1">WebDriverTests.WebDriverTests.JavaScript.Spark</td><td><a href="#m104"><b>testSparkLine</b>  </a></td><td class="numi">1</td><td>1475769392247</td><td class="numi">2057</td></tr>
</table>
<h1>Chrome-Components</h1>
<h2 id="m1">WebDriverTests.WebDriverTests.Components.Buttons:testToggleButtons</h2>
<p class="totop"><a href="#summary">back to summary</a></p>
<h2 id="m2">WebDriverTests.WebDriverTests.Components.Buttons:testPagination</h2>
<p class="totop"><a href="#summary">back to summary</a></p>
<h2 id="m3">WebDriverTests.WebDriverTests.Components.InputControls:testRadioButton</h2>
<p class="totop"><a href="#summary">back to summary</a></p>
<h2 id="m4">WebDriverTests.WebDriverTests.ElementsTesting.OpenPage:openPage</h2>
<p class="totop"><a href="#summary">back to summary</a></p>
<h2 id="m5">WebDriverTests.WebDriverTests.Components.Buttons:testCheckboxButtons</h2>
<p class="totop"><a href="#summary">back to summary</a></p>
<h2 id="m6">WebDriverTests.WebDriverTests.Components.Buttons:testSingleToggleButton</h2>
<p class="totop"><a href="#summary">back to summary</a></p>
<h2 id="m7">WebDriverTests.WebDriverTests.Components.Buttons:testDropdown</h2>
<p class="totop"><a href="#summary">back to summary</a></p>
<h2 id="m8">WebDriverTests.WebDriverTests.ElementsTesting.CloseDriver:closeDriver</h2>
<p class="totop"><a href="#summary">back to summary</a></p>
<h2 id="m9">WebDriverTests.WebDriverTests.Components.Buttons:testFloatingActionButton</h2>
<p class="totop"><a href="#summary">back to summary</a></p>
<h2 id="m10">WebDriverTests.WebDriverTests.Components.InputControls:testCheckboxSimplified</h2>
<p class="totop"><a href="#summary">back to summary</a></p>
<h2 id="m11">WebDriverTests.WebDriverTests.Components.Buttons:testRadioButtons</h2>
<p class="totop"><a href="#summary">back to summary</a></p>
<h2 id="m12">WebDriverTests.WebDriverTests.Components.Buttons:testGroupedButtons</h2>
<p class="totop"><a href="#summary">back to summary</a></p>
<h2 id="m13">WebDriverTests.WebDriverTests.Components.InputControls:testCheckbox</h2>
<p class="totop"><a href="#summary">back to summary</a></p>
<h1>Chrome-CSS</h1>
<h2 id="m14">WebDriverTests.WebDriverTests.ElementsTesting.OpenPage:openPage</h2>
<p class="totop"><a href="#summary">back to summary</a></p>
<h2 id="m15">WebDriverTests.WebDriverTests.CSS.Buttons:testCircularIconButtons</h2>
<p class="totop"><a href="#summary">back to summary</a></p>
<h2 id="m16">WebDriverTests.WebDriverTests.CSS.Buttons:testColoredButtons</h2>
<p class="totop"><a href="#summary">back to summary</a></p>
<h2 id="m17">WebDriverTests.WebDriverTests.CSS.Buttons:testHyperlinks</h2>
<p class="totop"><a href="#summary">back to summary</a></p>
<h2 id="m18">WebDriverTests.WebDriverTests.CSS.Buttons:testButtonDropdowns</h2>
<p class="totop"><a href="#summary">back to summary</a></p>
<h2 id="m19">WebDriverTests.WebDriverTests.ElementsTesting.CloseDriver:closeDriver</h2>
<p class="totop"><a href="#summary">back to summary</a></p>
<h2 id="m20">WebDriverTests.WebDriverTests.CSS.Buttons:testSizeVariations</h2>
<p class="totop"><a href="#summary">back to summary</a></p>
<h2 id="m21">WebDriverTests.WebDriverTests.CSS.Buttons:testSplitButtonDropdowns</h2>
<p class="totop"><a href="#summary">back to summary</a></p>
<h2 id="m22">WebDriverTests.WebDriverTests.CSS.Buttons:testLinkStyles</h2>
<p class="totop"><a href="#summary">back to summary</a></p>
<h1>Chrome-JavaScript</h1>
<h2 id="m23">WebDriverTests.WebDriverTests.JavaScript.BarCharts:testBarChart</h2>
<div style="padding-left:3em">
<p>
WebDriverTests.WebDriverTests.JavaScript.BarCharts.testBarChart:57 - java.lang.AssertionError: expected [left: 34px] but found []

WebDriverTests.WebDriverTests.JavaScript.BarCharts.testBarChart:61 - java.lang.AssertionError: expected [left: 430px] but found []

WebDriverTests.WebDriverTests.JavaScript.BarCharts.testBarChart:63 - java.lang.AssertionError: expected [left: 631px] but found []

WebDriverTests.WebDriverTests.JavaScript.BarCharts.testBarChart:64 - java.lang.AssertionError: expected [left: 729px] but found []
</p>
org.testng.Assert.fail(Assert.java:94)
<br/>at WebDriverTests.WebDriverTests.ElementsTesting.TestNGBase.logErrors(TestNGBase.java:301)
<br/>at WebDriverTests.WebDriverTests.JavaScript.BarCharts.testBarChart(BarCharts.java:99)
<br/>34 lines not shown
</div>
<p class="totop"><a href="#summary">back to summary</a></p>
<h2 id="m24">WebDriverTests.WebDriverTests.JavaScript.Spark:testSparkLine</h2>
<p class="totop"><a href="#summary">back to summary</a></p>
<h2 id="m25">WebDriverTests.WebDriverTests.ElementsTesting.OpenPage:openPage</h2>
<p class="totop"><a href="#summary">back to summary</a></p>
<h2 id="m26">WebDriverTests.WebDriverTests.ElementsTesting.CloseDriver:closeDriver</h2>
<p class="totop"><a href="#summary">back to summary</a></p>
<h1>Firefox-Components</h1>
<h2 id="m27">WebDriverTests.WebDriverTests.Components.Buttons:testFloatingActionButton</h2>
<p class="totop"><a href="#summary">back to summary</a></p>
<h2 id="m28">WebDriverTests.WebDriverTests.Components.InputControls:testRadioButton</h2>
<p class="totop"><a href="#summary">back to summary</a></p>
<h2 id="m29">WebDriverTests.WebDriverTests.Components.InputControls:testCheckboxSimplified</h2>
<p class="totop"><a href="#summary">back to summary</a></p>
<h2 id="m30">WebDriverTests.WebDriverTests.Components.Buttons:testDropdown</h2>
<p class="totop"><a href="#summary">back to summary</a></p>
<h2 id="m31">WebDriverTests.WebDriverTests.Components.Buttons:testSingleToggleButton</h2>
<p class="totop"><a href="#summary">back to summary</a></p>
<h2 id="m32">WebDriverTests.WebDriverTests.Components.Buttons:testGroupedButtons</h2>
<p class="totop"><a href="#summary">back to summary</a></p>
<h2 id="m33">WebDriverTests.WebDriverTests.ElementsTesting.CloseDriver:closeDriver</h2>
<p class="totop"><a href="#summary">back to summary</a></p>
<h2 id="m34">WebDriverTests.WebDriverTests.Components.Buttons:testRadioButtons</h2>
<p class="totop"><a href="#summary">back to summary</a></p>
<h2 id="m35">WebDriverTests.WebDriverTests.Components.Buttons:testPagination</h2>
<p class="totop"><a href="#summary">back to summary</a></p>
<h2 id="m36">WebDriverTests.WebDriverTests.Components.Buttons:testToggleButtons</h2>
<p class="totop"><a href="#summary">back to summary</a></p>
<h2 id="m37">WebDriverTests.WebDriverTests.Components.InputControls:testCheckbox</h2>
<p class="totop"><a href="#summary">back to summary</a></p>
<h2 id="m38">WebDriverTests.WebDriverTests.Components.Buttons:testCheckboxButtons</h2>
<p class="totop"><a href="#summary">back to summary</a></p>
<h2 id="m39">WebDriverTests.WebDriverTests.ElementsTesting.OpenPage:openPage</h2>
<p class="totop"><a href="#summary">back to summary</a></p>
<h1>Firefox-CSS</h1>
<h2 id="m40">WebDriverTests.WebDriverTests.CSS.Buttons:testButtonDropdowns</h2>
<p class="totop"><a href="#summary">back to summary</a></p>
<h2 id="m41">WebDriverTests.WebDriverTests.CSS.Buttons:testSizeVariations</h2>
<p class="totop"><a href="#summary">back to summary</a></p>
<h2 id="m42">WebDriverTests.WebDriverTests.CSS.Buttons:testColoredButtons</h2>
<p class="totop"><a href="#summary">back to summary</a></p>
<h2 id="m43">WebDriverTests.WebDriverTests.CSS.Buttons:testSplitButtonDropdowns</h2>
<p class="totop"><a href="#summary">back to summary</a></p>
<h2 id="m44">WebDriverTests.WebDriverTests.ElementsTesting.CloseDriver:closeDriver</h2>
<p class="totop"><a href="#summary">back to summary</a></p>
<h2 id="m45">WebDriverTests.WebDriverTests.ElementsTesting.OpenPage:openPage</h2>
<p class="totop"><a href="#summary">back to summary</a></p>
<h2 id="m46">WebDriverTests.WebDriverTests.CSS.Buttons:testHyperlinks</h2>
<p class="totop"><a href="#summary">back to summary</a></p>
<h2 id="m47">WebDriverTests.WebDriverTests.CSS.Buttons:testCircularIconButtons</h2>
<p class="totop"><a href="#summary">back to summary</a></p>
<h2 id="m48">WebDriverTests.WebDriverTests.CSS.Buttons:testLinkStyles</h2>
<p class="totop"><a href="#summary">back to summary</a></p>
<h1>Firefox-JavaScript</h1>
<h2 id="m49">WebDriverTests.WebDriverTests.JavaScript.BarCharts:testBarChart</h2>
<div style="padding-left:3em">
<p>
WebDriverTests.WebDriverTests.JavaScript.BarCharts.testBarChart:57 - java.lang.AssertionError: expected [left: 34px] but found []

WebDriverTests.WebDriverTests.JavaScript.BarCharts.testBarChart:61 - java.lang.AssertionError: expected [left: 430px] but found []

WebDriverTests.WebDriverTests.JavaScript.BarCharts.testBarChart:63 - java.lang.AssertionError: expected [left: 631px] but found []

WebDriverTests.WebDriverTests.JavaScript.BarCharts.testBarChart:64 - java.lang.AssertionError: expected [left: 729px] but found []
</p>
org.testng.Assert.fail(Assert.java:94)
<br/>at WebDriverTests.WebDriverTests.ElementsTesting.TestNGBase.logErrors(TestNGBase.java:301)
<br/>at WebDriverTests.WebDriverTests.JavaScript.BarCharts.testBarChart(BarCharts.java:99)
<br/>34 lines not shown
</div>
<p class="totop"><a href="#summary">back to summary</a></p>
<h2 id="m50">WebDriverTests.WebDriverTests.JavaScript.Spark:testSparkLine</h2>
<p class="totop"><a href="#summary">back to summary</a></p>
<h2 id="m51">WebDriverTests.WebDriverTests.ElementsTesting.CloseDriver:closeDriver</h2>
<p class="totop"><a href="#summary">back to summary</a></p>
<h2 id="m52">WebDriverTests.WebDriverTests.ElementsTesting.OpenPage:openPage</h2>
<p class="totop"><a href="#summary">back to summary</a></p>
<h1>IE-Components</h1>
<h2 id="m53">WebDriverTests.WebDriverTests.Components.InputControls:testCheckboxSimplified</h2>
<p class="totop"><a href="#summary">back to summary</a></p>
<h2 id="m54">WebDriverTests.WebDriverTests.Components.Buttons:testRadioButtons</h2>
<p class="totop"><a href="#summary">back to summary</a></p>
<h2 id="m55">WebDriverTests.WebDriverTests.Components.InputControls:testRadioButton</h2>
<p class="totop"><a href="#summary">back to summary</a></p>
<h2 id="m56">WebDriverTests.WebDriverTests.ElementsTesting.OpenPage:openPage</h2>
<p class="totop"><a href="#summary">back to summary</a></p>
<h2 id="m57">WebDriverTests.WebDriverTests.Components.Buttons:testFloatingActionButton</h2>
<p class="totop"><a href="#summary">back to summary</a></p>
<h2 id="m58">WebDriverTests.WebDriverTests.Components.Buttons:testSingleToggleButton</h2>
<p class="totop"><a href="#summary">back to summary</a></p>
<h2 id="m59">WebDriverTests.WebDriverTests.ElementsTesting.CloseDriver:closeDriver</h2>
<p class="totop"><a href="#summary">back to summary</a></p>
<h2 id="m60">WebDriverTests.WebDriverTests.Components.Buttons:testDropdown</h2>
<p class="totop"><a href="#summary">back to summary</a></p>
<h2 id="m61">WebDriverTests.WebDriverTests.Components.Buttons:testPagination</h2>
<p class="totop"><a href="#summary">back to summary</a></p>
<h2 id="m62">WebDriverTests.WebDriverTests.Components.Buttons:testToggleButtons</h2>
<p class="totop"><a href="#summary">back to summary</a></p>
<h2 id="m63">WebDriverTests.WebDriverTests.Components.Buttons:testGroupedButtons</h2>
<p class="totop"><a href="#summary">back to summary</a></p>
<h2 id="m64">WebDriverTests.WebDriverTests.Components.Buttons:testCheckboxButtons</h2>
<p class="totop"><a href="#summary">back to summary</a></p>
<h2 id="m65">WebDriverTests.WebDriverTests.Components.InputControls:testCheckbox</h2>
<p class="totop"><a href="#summary">back to summary</a></p>
<h1>IE-CSS</h1>
<h2 id="m66">WebDriverTests.WebDriverTests.CSS.Buttons:testHyperlinks</h2>
<p class="totop"><a href="#summary">back to summary</a></p>
<h2 id="m67">WebDriverTests.WebDriverTests.CSS.Buttons:testLinkStyles</h2>
<p class="totop"><a href="#summary">back to summary</a></p>
<h2 id="m68">WebDriverTests.WebDriverTests.ElementsTesting.OpenPage:openPage</h2>
<p class="totop"><a href="#summary">back to summary</a></p>
<h2 id="m69">WebDriverTests.WebDriverTests.CSS.Buttons:testSizeVariations</h2>
<p class="totop"><a href="#summary">back to summary</a></p>
<h2 id="m70">WebDriverTests.WebDriverTests.CSS.Buttons:testCircularIconButtons</h2>
<p class="totop"><a href="#summary">back to summary</a></p>
<h2 id="m71">WebDriverTests.WebDriverTests.CSS.Buttons:testSplitButtonDropdowns</h2>
<p class="totop"><a href="#summary">back to summary</a></p>
<h2 id="m72">WebDriverTests.WebDriverTests.ElementsTesting.CloseDriver:closeDriver</h2>
<p class="totop"><a href="#summary">back to summary</a></p>
<h2 id="m73">WebDriverTests.WebDriverTests.CSS.Buttons:testColoredButtons</h2>
<p class="totop"><a href="#summary">back to summary</a></p>
<h2 id="m74">WebDriverTests.WebDriverTests.CSS.Buttons:testButtonDropdowns</h2>
<p class="totop"><a href="#summary">back to summary</a></p>
<h1>IE-JavaScript</h1>
<h2 id="m75">WebDriverTests.WebDriverTests.JavaScript.BarCharts:testBarChart</h2>
<div style="padding-left:3em">
<p>Unable to find element with css selector == div.flot-text div.flot-x-axis div:nth-of-type(1) (WARNING: The server did not provide any stacktrace information)
Command duration or timeout: 5.16 seconds
For documentation on this error, please visit: http://seleniumhq.org/exceptions/no_such_element.html
Build info: version: &apos;2.53.1&apos;, revision: &apos;a36b8b1&apos;, time: &apos;2016-06-30 17:37:03&apos;
System info: host: &apos;v-qa-selenium1&apos;, ip: &apos;16.30.183.138&apos;, os.name: &apos;Windows 7&apos;, os.arch: &apos;amd64&apos;, os.version: &apos;6.1&apos;, java.version: &apos;1.8.0_91&apos;
Driver info: org.openqa.selenium.ie.InternetExplorerDriver
Capabilities [{browserAttachTimeout=0, enablePersistentHover=false, ie.forceCreateProcessApi=false, ie.usePerProcessProxy=false, ignoreZoomSetting=false, handlesAlerts=true, version=10, platform=WINDOWS, nativeEvents=true, ie.ensureCleanSession=false, elementScrollBehavior=0, ie.browserCommandLineSwitches=, requireWindowFocus=false, browserName=internet explorer, initialBrowserUrl=http://localhost:48852/, takesScreenshot=true, javascriptEnabled=true, ignoreProtectedModeSettings=false, enableElementCacheCleanup=true, cssSelectorsEnabled=true, unexpectedAlertBehaviour=dismiss}]
Session ID: 7e49780e-ec8e-4833-92ae-323cf1d1cb61
*** Element info: {Using=css selector, value=div.flot-text div.flot-x-axis div:nth-of-type(1)}
Command duration or timeout: 5.53 seconds
For documentation on this error, please visit: http://seleniumhq.org/exceptions/no_such_element.html
Build info: version: &apos;2.53.0&apos;, revision: &apos;35ae25b1534ae328c771e0856c93e187490ca824&apos;, time: &apos;2016-03-15 10:43:46&apos;
System info: host: &apos;Aspen-Vertica&apos;, ip: &apos;16.30.182.99&apos;, os.name: &apos;Linux&apos;, os.arch: &apos;amd64&apos;, os.version: &apos;3.10.0-327.10.1.el7.x86_64&apos;, java.version: &apos;1.7.0_111&apos;
*** Element info: {Using=css selector, value=div.flot-text div.flot-x-axis div:nth-of-type(1)}
Session ID: a0811cf0-5d3e-48b2-b72a-5adc8e6000c4
Driver info: org.openqa.selenium.remote.RemoteWebDriver
Capabilities [{platform=WINDOWS, javascriptEnabled=true, elementScrollBehavior=0, enablePersistentHover=false, ignoreZoomSetting=false, ie.ensureCleanSession=false, enableElementCacheCleanup=true, browserName=internet explorer, unexpectedAlertBehaviour=dismiss, webdriver.remote.sessionid=a0811cf0-5d3e-48b2-b72a-5adc8e6000c4, version=10, ie.usePerProcessProxy=false, cssSelectorsEnabled=true, ignoreProtectedModeSettings=false, requireWindowFocus=false, initialBrowserUrl=http://localhost:48852/, handlesAlerts=true, ie.forceCreateProcessApi=false, nativeEvents=true, browserAttachTimeout=0, ie.browserCommandLineSwitches=, takesScreenshot=true}]</p>
sun.reflect.NativeConstructorAccessorImpl.newInstance0(Native Method)
<br/>at sun.reflect.NativeConstructorAccessorImpl.newInstance(NativeConstructorAccessorImpl.java:57)
<br/>at sun.reflect.DelegatingConstructorAccessorImpl.newInstance(DelegatingConstructorAccessorImpl.java:45)
<br/>at java.lang.reflect.Constructor.newInstance(Constructor.java:526)
<br/>at org.openqa.selenium.remote.ErrorHandler.createThrowable(ErrorHandler.java:206)
<br/>at org.openqa.selenium.remote.ErrorHandler.throwIfResponseFailed(ErrorHandler.java:158)
<br/>at org.openqa.selenium.remote.RemoteWebDriver.execute(RemoteWebDriver.java:678)
<br/>at org.openqa.selenium.remote.RemoteWebElement.execute(RemoteWebElement.java:327)
<br/>at org.openqa.selenium.remote.RemoteWebElement.findElement(RemoteWebElement.java:198)
<br/>at org.openqa.selenium.remote.RemoteWebElement.findElementByCssSelector(RemoteWebElement.java:287)
<br/>at org.openqa.selenium.By$ByCssSelector.findElement(By.java:430)
<br/>at org.openqa.selenium.remote.RemoteWebElement.findElement(RemoteWebElement.java:194)
<br/>at WebDriverTests.WebDriverTests.JavaScript.BarCharts.testBarChart(BarCharts.java:39)
<br/>34 lines not shown
<p>Caused by Screen shot has been taken
Build info: version: &apos;2.53.0&apos;, revision: &apos;35ae25b1534ae328c771e0856c93e187490ca824&apos;, time: &apos;2016-03-15 10:43:46&apos;
System info: host: &apos;Aspen-Vertica&apos;, ip: &apos;16.30.182.99&apos;, os.name: &apos;Linux&apos;, os.arch: &apos;amd64&apos;, os.version: &apos;3.10.0-327.10.1.el7.x86_64&apos;, java.version: &apos;1.7.0_111&apos;
Driver info: driver.version: RemoteWebDriver</p>
org.openqa.selenium.remote.ErrorHandler.throwIfResponseFailed(ErrorHandler.java:138)
<br/>at org.openqa.selenium.remote.RemoteWebDriver.execute(RemoteWebDriver.java:678)
<br/>at org.openqa.selenium.remote.RemoteWebElement.execute(RemoteWebElement.java:327)
<br/>at org.openqa.selenium.remote.RemoteWebElement.findElement(RemoteWebElement.java:198)
<br/>at org.openqa.selenium.remote.RemoteWebElement.findElementByCssSelector(RemoteWebElement.java:287)
<br/>at org.openqa.selenium.By$ByCssSelector.findElement(By.java:430)
<br/>at org.openqa.selenium.remote.RemoteWebElement.findElement(RemoteWebElement.java:194)
<br/>at WebDriverTests.WebDriverTests.JavaScript.BarCharts.testBarChart(BarCharts.java:39)
<br/>34 lines not shown
<p>Caused by Unable to find element with css selector == div.flot-text div.flot-x-axis div:nth-of-type(1) (WARNING: The server did not provide any stacktrace information)
Command duration or timeout: 5.16 seconds
For documentation on this error, please visit: http://seleniumhq.org/exceptions/no_such_element.html
Build info: version: &apos;2.53.1&apos;, revision: &apos;a36b8b1&apos;, time: &apos;2016-06-30 17:37:03&apos;
System info: host: &apos;v-qa-selenium1&apos;, ip: &apos;16.30.183.138&apos;, os.name: &apos;Windows 7&apos;, os.arch: &apos;amd64&apos;, os.version: &apos;6.1&apos;, java.version: &apos;1.8.0_91&apos;
Driver info: org.openqa.selenium.ie.InternetExplorerDriver
Capabilities [{browserAttachTimeout=0, enablePersistentHover=false, ie.forceCreateProcessApi=false, ie.usePerProcessProxy=false, ignoreZoomSetting=false, handlesAlerts=true, version=10, platform=WINDOWS, nativeEvents=true, ie.ensureCleanSession=false, elementScrollBehavior=0, ie.browserCommandLineSwitches=, requireWindowFocus=false, browserName=internet explorer, initialBrowserUrl=http://localhost:48852/, takesScreenshot=true, javascriptEnabled=true, ignoreProtectedModeSettings=false, enableElementCacheCleanup=true, cssSelectorsEnabled=true, unexpectedAlertBehaviour=dismiss}]
Session ID: 7e49780e-ec8e-4833-92ae-323cf1d1cb61
*** Element info: {Using=css selector, value=div.flot-text div.flot-x-axis div:nth-of-type(1)}
For documentation on this error, please visit: http://seleniumhq.org/exceptions/no_such_element.html
Build info: version: &apos;2.53.0&apos;, revision: &apos;35ae25b1534ae328c771e0856c93e187490ca824&apos;, time: &apos;2016-03-15 10:43:46&apos;
System info: host: &apos;Aspen-Vertica&apos;, ip: &apos;16.30.182.99&apos;, os.name: &apos;Linux&apos;, os.arch: &apos;amd64&apos;, os.version: &apos;3.10.0-327.10.1.el7.x86_64&apos;, java.version: &apos;1.7.0_111&apos;
Driver info: driver.version: RemoteWebDriver</p>
sun.reflect.GeneratedConstructorAccessor18.newInstance(Unknown Source)
<br/>at sun.reflect.DelegatingConstructorAccessorImpl.newInstance(Unknown Source)
<br/>at java.lang.reflect.Constructor.newInstance(Unknown Source)
<br/>at org.openqa.selenium.remote.ErrorHandler.createThrowable(ErrorHandler.java:206)
<br/>at org.openqa.selenium.remote.ErrorHandler.throwIfResponseFailed(ErrorHandler.java:158)
<br/>at org.openqa.selenium.remote.RemoteWebDriver.execute(RemoteWebDriver.java:678)
<br/>at org.openqa.selenium.remote.RemoteWebElement.execute(RemoteWebElement.java:327)
<br/>at org.openqa.selenium.remote.RemoteWebElement.findElement(RemoteWebElement.java:198)
<br/>at org.openqa.selenium.remote.RemoteWebElement.findElementByCssSelector(RemoteWebElement.java:287)
<br/>at org.openqa.selenium.By$ByCssSelector.findElement(By.java:430)
<br/>at org.openqa.selenium.remote.RemoteWebElement.findElement(RemoteWebElement.java:194)
<br/>at sun.reflect.GeneratedMethodAccessor7.invoke(Unknown Source)
<br/>at sun.reflect.DelegatingMethodAccessorImpl.invoke(Unknown Source)
<br/>at java.lang.reflect.Method.invoke(Unknown Source)
<br/>at org.openqa.selenium.support.events.EventFiringWebDriver$EventFiringWebElement$1.invoke(EventFiringWebDriver.java:335)
<br/>at com.sun.proxy.$Proxy2.findElement(Unknown Source)
<br/>at org.openqa.selenium.support.events.EventFiringWebDriver$EventFiringWebElement.findElement(EventFiringWebDriver.java:410)
<br/>at sun.reflect.GeneratedMethodAccessor7.invoke(Unknown Source)
<br/>at sun.reflect.DelegatingMethodAccessorImpl.invoke(Unknown Source)
<br/>at java.lang.reflect.Method.invoke(Unknown Source)
<br/>at org.openqa.selenium.remote.server.KnownElements$1.invoke(KnownElements.java:64)
<br/>at com.sun.proxy.$Proxy3.findElement(Unknown Source)
<br/>at org.openqa.selenium.remote.server.handler.FindChildElement.call(FindChildElement.java:44)
<br/>at org.openqa.selenium.remote.server.handler.FindChildElement.call(FindChildElement.java:1)
<br/>at java.util.concurrent.FutureTask.run(Unknown Source)
<br/>at org.openqa.selenium.remote.server.DefaultSession$1.run(DefaultSession.java:176)
<br/>at java.util.concurrent.ThreadPoolExecutor.runWorker(Unknown Source)
<br/>at java.util.concurrent.ThreadPoolExecutor$Worker.run(Unknown Source)
<br/>at java.lang.Thread.run(Unknown Source)
<br/>1 lines not shown
</div>
<p class="totop"><a href="#summary">back to summary</a></p>
<h2 id="m76">WebDriverTests.WebDriverTests.ElementsTesting.OpenPage:openPage</h2>
<p class="totop"><a href="#summary">back to summary</a></p>
<h2 id="m77">WebDriverTests.WebDriverTests.ElementsTesting.CloseDriver:closeDriver</h2>
<p class="totop"><a href="#summary">back to summary</a></p>
<h2 id="m78">WebDriverTests.WebDriverTests.JavaScript.Spark:testSparkLine</h2>
<p class="totop"><a href="#summary">back to summary</a></p>
<h1>Edge-Components</h1>
<h2 id="m79">WebDriverTests.WebDriverTests.Components.Buttons:testFloatingActionButton</h2>
<p class="totop"><a href="#summary">back to summary</a></p>
<h2 id="m80">WebDriverTests.WebDriverTests.Components.InputControls:testCheckboxSimplified</h2>
<p class="totop"><a href="#summary">back to summary</a></p>
<h2 id="m81">WebDriverTests.WebDriverTests.Components.Buttons:testCheckboxButtons</h2>
<p class="totop"><a href="#summary">back to summary</a></p>
<h2 id="m82">WebDriverTests.WebDriverTests.ElementsTesting.OpenPage:openPage</h2>
<p class="totop"><a href="#summary">back to summary</a></p>
<h2 id="m83">WebDriverTests.WebDriverTests.Components.Buttons:testDropdown</h2>
<p class="totop"><a href="#summary">back to summary</a></p>
<h2 id="m84">WebDriverTests.WebDriverTests.Components.InputControls:testRadioButton</h2>
<p class="totop"><a href="#summary">back to summary</a></p>
<h2 id="m85">WebDriverTests.WebDriverTests.Components.Buttons:testToggleButtons</h2>
<p class="totop"><a href="#summary">back to summary</a></p>
<h2 id="m86">WebDriverTests.WebDriverTests.Components.Buttons:testGroupedButtons</h2>
<p class="totop"><a href="#summary">back to summary</a></p>
<h2 id="m87">WebDriverTests.WebDriverTests.Components.InputControls:testCheckbox</h2>
<p class="totop"><a href="#summary">back to summary</a></p>
<h2 id="m88">WebDriverTests.WebDriverTests.Components.Buttons:testPagination</h2>
<p class="totop"><a href="#summary">back to summary</a></p>
<h2 id="m89">WebDriverTests.WebDriverTests.Components.Buttons:testRadioButtons</h2>
<p class="totop"><a href="#summary">back to summary</a></p>
<h2 id="m90">WebDriverTests.WebDriverTests.Components.Buttons:testSingleToggleButton</h2>
<p class="totop"><a href="#summary">back to summary</a></p>
<h2 id="m91">WebDriverTests.WebDriverTests.ElementsTesting.CloseDriver:closeDriver</h2>
<p class="totop"><a href="#summary">back to summary</a></p>
<h1>Edge-CSS</h1>
<h2 id="m92">WebDriverTests.WebDriverTests.CSS.Buttons:testLinkStyles</h2>
<p class="totop"><a href="#summary">back to summary</a></p>
<h2 id="m93">WebDriverTests.WebDriverTests.CSS.Buttons:testCircularIconButtons</h2>
<p class="totop"><a href="#summary">back to summary</a></p>
<h2 id="m94">WebDriverTests.WebDriverTests.CSS.Buttons:testColoredButtons</h2>
<p class="totop"><a href="#summary">back to summary</a></p>
<h2 id="m95">WebDriverTests.WebDriverTests.ElementsTesting.OpenPage:openPage</h2>
<p class="totop"><a href="#summary">back to summary</a></p>
<h2 id="m96">WebDriverTests.WebDriverTests.CSS.Buttons:testHyperlinks</h2>
<p class="totop"><a href="#summary">back to summary</a></p>
<h2 id="m97">WebDriverTests.WebDriverTests.CSS.Buttons:testSplitButtonDropdowns</h2>
<p class="totop"><a href="#summary">back to summary</a></p>
<h2 id="m98">WebDriverTests.WebDriverTests.ElementsTesting.CloseDriver:closeDriver</h2>
<p class="totop"><a href="#summary">back to summary</a></p>
<h2 id="m99">WebDriverTests.WebDriverTests.CSS.Buttons:testButtonDropdowns</h2>
<p class="totop"><a href="#summary">back to summary</a></p>
<h2 id="m100">WebDriverTests.WebDriverTests.CSS.Buttons:testSizeVariations</h2>
<p class="totop"><a href="#summary">back to summary</a></p>
<h1>Edge-JavaScript</h1>
<h2 id="m101">WebDriverTests.WebDriverTests.JavaScript.BarCharts:testBarChart</h2>
<div style="padding-left:3em">
<p>
WebDriverTests.WebDriverTests.JavaScript.BarCharts.testBarChart:62 - java.lang.AssertionError: expected [left: 534px] but found []
</p>
org.testng.Assert.fail(Assert.java:94)
<br/>at WebDriverTests.WebDriverTests.ElementsTesting.TestNGBase.logErrors(TestNGBase.java:301)
<br/>at WebDriverTests.WebDriverTests.JavaScript.BarCharts.testBarChart(BarCharts.java:99)
<br/>34 lines not shown
</div>
<p class="totop"><a href="#summary">back to summary</a></p>
<h2 id="m102">WebDriverTests.WebDriverTests.ElementsTesting.OpenPage:openPage</h2>
<p class="totop"><a href="#summary">back to summary</a></p>
<h2 id="m103">WebDriverTests.WebDriverTests.ElementsTesting.CloseDriver:closeDriver</h2>
<p class="totop"><a href="#summary">back to summary</a></p>
<h2 id="m104">WebDriverTests.WebDriverTests.JavaScript.Spark:testSparkLine</h2>
<p class="totop"><a href="#summary">back to summary</a></p>
</body></html>